# JRE version: OpenJDK Runtime Environment (17.0.10) (build 17.0.10+0--11609105)
# Java VM: OpenJDK 64-Bit Server VM (17.0.10+0--11609105, mixed mode, tiered, compressed oops, compressed class ptrs, g1 gc, windows-amd64)
GC Precious Log:
 CPUs: 8 total, 8 available
 Memory: 8083M
 Large Page Support: Disabled
 NUMA Support: Disabled
 Compressed Oops: Enabled (32-bit)
 Heap Region Size: 1M
 Heap Min Capacity: 8M
 Heap Initial Capacity: 128M
 Heap Max Capacity: 2G
 Pre-touch: Disabled
 Parallel Workers: 8
 Concurrent Workers: 2
 Concurrent Refinement Workers: 8
 Periodic GC: Disabled
Heap:
 garbage-first heap   total 515072K, used 178570K [0x0000000080000000, 0x0000000100000000)
  region size 1024K, 7 young (7168K), 7 survivors (7168K)
 Metaspace       used 186684K, committed 189120K, reserved 1245184K
  class space    used 24318K, committed 25536K, reserved 1048576K
GC Heap History (20 events):
Event: 12628.343 GC heap after
{Heap after GC invocations=151 (full 1):
 garbage-first heap   total 515072K, used 177492K [0x0000000080000000, 0x0000000100000000)
  region size 1024K, 3 young (3072K), 3 survivors (3072K)
 Metaspace       used 185746K, committed 188352K, reserved 1245184K
  class space    used 24252K, committed 25536K, reserved 1048576K
}
Event: 12645.639 GC heap before
{Heap before GC invocations=151 (full 1):
 garbage-first heap   total 515072K, used 266580K [0x0000000080000000, 0x0000000100000000)
  region size 1024K, 92 young (94208K), 3 survivors (3072K)
 Metaspace       used 185815K, committed 188352K, reserved 1245184K
  class space    used 24253K, committed 25536K, reserved 1048576K
}
Event: 12645.840 GC heap after
{Heap after GC invocations=152 (full 1):
 garbage-first heap   total 515072K, used 184660K [0x0000000080000000, 0x0000000100000000)
  region size 1024K, 10 young (10240K), 10 survivors (10240K)
 Metaspace       used 185815K, committed 188352K, reserved 1245184K
  class space    used 24253K, committed 25536K, reserved 1048576K
}
Event: 13307.317 GC heap before
{Heap before GC invocations=153 (full 1):
 garbage-first heap   total 515072K, used 383316K [0x0000000080000000, 0x0000000100000000)
  region size 1024K, 223 young (228352K), 10 survivors (10240K)
 Metaspace       used 185924K, committed 188416K, reserved 1245184K
  class space    used 24255K, committed 25536K, reserved 1048576K
}
Event: 13307.649 GC heap after
{Heap after GC invocations=154 (full 1):
 garbage-first heap   total 515072K, used 168480K [0x0000000080000000, 0x0000000100000000)
  region size 1024K, 15 young (15360K), 15 survivors (15360K)
 Metaspace       used 185924K, committed 188416K, reserved 1245184K
  class space    used 24255K, committed 25536K, reserved 1048576K
}
Event: 13308.814 GC heap before
{Heap before GC invocations=154 (full 1):
 garbage-first heap   total 515072K, used 178720K [0x0000000080000000, 0x0000000100000000)
  region size 1024K, 25 young (25600K), 15 survivors (15360K)
 Metaspace       used 185928K, committed 188416K, reserved 1245184K
  class space    used 24255K, committed 25536K, reserved 1048576K
}
Event: 13308.996 GC heap after
{Heap after GC invocations=155 (full 1):
 garbage-first heap   total 515072K, used 165362K [0x0000000080000000, 0x0000000100000000)
  region size 1024K, 3 young (3072K), 3 survivors (3072K)
 Metaspace       used 185928K, committed 188416K, reserved 1245184K
  class space    used 24255K, committed 25536K, reserved 1048576K
}
Event: 13326.035 GC heap before
{Heap before GC invocations=155 (full 1):
 garbage-first heap   total 515072K, used 260594K [0x0000000080000000, 0x0000000100000000)
  region size 1024K, 98 young (100352K), 3 survivors (3072K)
 Metaspace       used 185999K, committed 188416K, reserved 1245184K
  class space    used 24261K, committed 25536K, reserved 1048576K
}
Event: 13326.195 GC heap after
{Heap after GC invocations=156 (full 1):
 garbage-first heap   total 515072K, used 173435K [0x0000000080000000, 0x0000000100000000)
  region size 1024K, 11 young (11264K), 11 survivors (11264K)
 Metaspace       used 185999K, committed 188416K, reserved 1245184K
  class space    used 24261K, committed 25536K, reserved 1048576K
}
Event: 13498.809 GC heap before
{Heap before GC invocations=157 (full 1):
 garbage-first heap   total 515072K, used 408955K [0x0000000080000000, 0x0000000100000000)
  region size 1024K, 241 young (246784K), 11 survivors (11264K)
 Metaspace       used 186182K, committed 188672K, reserved 1245184K
  class space    used 24264K, committed 25536K, reserved 1048576K
}
Event: 13499.041 GC heap after
{Heap after GC invocations=158 (full 1):
 garbage-first heap   total 515072K, used 184785K [0x0000000080000000, 0x0000000100000000)
  region size 1024K, 22 young (22528K), 22 survivors (22528K)
 Metaspace       used 186182K, committed 188672K, reserved 1245184K
  class space    used 24264K, committed 25536K, reserved 1048576K
}
Event: 13499.181 GC heap before
{Heap before GC invocations=158 (full 1):
 garbage-first heap   total 515072K, used 186833K [0x0000000080000000, 0x0000000100000000)
  region size 1024K, 25 young (25600K), 22 survivors (22528K)
 Metaspace       used 186189K, committed 188672K, reserved 1245184K
  class space    used 24265K, committed 25536K, reserved 1048576K
}
Event: 13499.386 GC heap after
{Heap after GC invocations=159 (full 1):
 garbage-first heap   total 515072K, used 174934K [0x0000000080000000, 0x0000000100000000)
  region size 1024K, 3 young (3072K), 3 survivors (3072K)
 Metaspace       used 186189K, committed 188672K, reserved 1245184K
  class space    used 24265K, committed 25536K, reserved 1048576K
}
Event: 13843.019 GC heap before
{Heap before GC invocations=159 (full 1):
 garbage-first heap   total 515072K, used 344918K [0x0000000080000000, 0x0000000100000000)
  region size 1024K, 171 young (175104K), 3 survivors (3072K)
 Metaspace       used 186396K, committed 188800K, reserved 1245184K
  class space    used 24283K, committed 25536K, reserved 1048576K
}
Event: 13843.407 GC heap after
{Heap after GC invocations=160 (full 1):
 garbage-first heap   total 515072K, used 187047K [0x0000000080000000, 0x0000000100000000)
  region size 1024K, 15 young (15360K), 15 survivors (15360K)
 Metaspace       used 186396K, committed 188800K, reserved 1245184K
  class space    used 24283K, committed 25536K, reserved 1048576K
}
Event: 13854.772 GC heap before
{Heap before GC invocations=161 (full 1):
 garbage-first heap   total 515072K, used 413351K [0x0000000080000000, 0x0000000100000000)
  region size 1024K, 235 young (240640K), 15 survivors (15360K)
 Metaspace       used 186299K, committed 188800K, reserved 1245184K
  class space    used 24264K, committed 25536K, reserved 1048576K
}
Event: 13854.887 GC heap after
{Heap after GC invocations=162 (full 1):
 garbage-first heap   total 515072K, used 188959K [0x0000000080000000, 0x0000000100000000)
  region size 1024K, 17 young (17408K), 17 survivors (17408K)
 Metaspace       used 186299K, committed 188800K, reserved 1245184K
  class space    used 24264K, committed 25536K, reserved 1048576K
}
Event: 13854.933 GC heap before
{Heap before GC invocations=162 (full 1):
 garbage-first heap   total 515072K, used 197151K [0x0000000080000000, 0x0000000100000000)
  region size 1024K, 25 young (25600K), 17 survivors (17408K)
 Metaspace       used 186299K, committed 188800K, reserved 1245184K
  class space    used 24264K, committed 25536K, reserved 1048576K
}
Event: 13855.060 GC heap after
{Heap after GC invocations=163 (full 1):
 garbage-first heap   total 515072K, used 175359K [0x0000000080000000, 0x0000000100000000)
  region size 1024K, 4 young (4096K), 4 survivors (4096K)
 Metaspace       used 186299K, committed 188800K, reserved 1245184K
  class space    used 24264K, committed 25536K, reserved 1048576K
}
Event: 14361.856 GC heap before
{Heap before GC invocations=163 (full 1):
 garbage-first heap   total 515072K, used 354559K [0x0000000080000000, 0x0000000100000000)
  region size 1024K, 180 young (184320K), 4 survivors (4096K)
 Metaspace       used 186684K, committed 189120K, reserved 1245184K
  class space    used 24318K, committed 25536K, reserved 1048576K
}

